#
# A fatal error has been detected by the Java Runtime Environment:
#
#  SIGSEGV (0xb) at pc=0x000000010c632d1e, pid=32628, tid=16899
#
# JRE version: Java(TM) SE Runtime Environment (8.0_45-b14) (build 1.8.0_45-b14)
# Java VM: Java HotSpot(TM) 64-Bit Server VM (25.45-b02 mixed mode bsd-amd64 compressed oops)
# Problematic frame:
# V  [libjvm.dylib+0x432d1e]  Method::checked_resolve_jmethod_id(_jmethodID*)+0x1c
#
# Failed to write core dump. Core dumps have been disabled. To enable core dumping, try "ulimit -c unlimited" before starting Java again
#
# If you would like to submit a bug report, please visit:
#   http://bugreport.java.com/bugreport/crash.jsp
#

---------------  T H R E A D  ---------------

Current thread (0x00007feddb02a000):  JavaThread "JDWP Transport Listener: dt_socket" daemon [_thread_in_vm, id=16899, stack(0x0000700000ab8000,0x0000700000bb8000)]

siginfo: si_signo: 11 (SIGSEGV), si_code: 0 (unknown), si_addr: 0x0000000000000000

Registers:
RAX=0x0000000000000001, RBX=0xc000000000000000, RCX=0x000000010c9fa190, RDX=0x0000700000bb7a8b
RSP=0x0000700000bb79d0, RBP=0x0000700000bb79e0, RSI=0x00007feddb02a000, RDI=0x00007feddc8053a0
R8 =0x0000000000000003, R9 =0x00007fedd965b520, R10=0x0000000001c487ad, R11=0x00007feddc800000
R12=0x00007feddb02a000, R13=0x00007feddc8053a0, R14=0x00007feddc8053a0, R15=0x00007fedd97018b0
RIP=0x000000010c632d1e, EFLAGS=0x0000000000010296, ERR=0x0000000000000000
  TRAPNO=0x000000000000000d

Top of Stack: (sp=0x0000700000bb79d0)
0x0000700000bb79d0:   0000700000bb7a8b 0000700000bb7a8b
0x0000700000bb79e0:   0000700000bb7a40 000000010c5430d6
0x0000700000bb79f0:   00007feddb02a000 0000000000000000
0x0000700000bb7a00:   0000000000000000 0000000000000000
0x0000700000bb7a10:   00007feddb02a000 00007feddb02a000
0x0000700000bb7a20:   0000700000bb7a8b 0000700000bb7a90
0x0000700000bb7a30:   00007feddc8053a0 0000000000000004
0x0000700000bb7a40:   0000700000bb7a60 000000010b97d780
0x0000700000bb7a50:   0000000000000001 0000700000bb7b08
0x0000700000bb7a60:   0000700000bb7ad0 000000010b9621f3
0x0000700000bb7a70:   0000700000bb7aa0 00007feddc805370
0x0000700000bb7a80:   0000000600000032 0000000200bb7b08
0x0000700000bb7a90:   0000000000000000 0000000000000000
0x0000700000bb7aa0:   0000000000000000 0000700000bb7c90
0x0000700000bb7ab0:   000000010b984e7a 00007fedd9634a20
0x0000700000bb7ac0:   0000700000bb7b08 000000010b990598
0x0000700000bb7ad0:   0000700000bb7ae0 000000010b9622ec
0x0000700000bb7ae0:   0000700000bb7d00 000000010b96b898
0x0000700000bb7af0:   000e3ed900000013 00000000000f0200
0x0000700000bb7b00:   00007feddc81d7c0 00007feddc822542
0x0000700000bb7b10:   00007fed00000236 00007fedd9634a60
0x0000700000bb7b20:   000000000000012c 0000700000bb7b58
0x0000700000bb7b30:   00007fedd9634a60 0000000000000000
0x0000700000bb7b40:   000e3ed9000001dd 00007fff0000cc80
0x0000700000bb7b50:   0000000000000000 ed7f000006000000
0x0000700000bb7b60:   06000000d04963d9 00003e74696e693c
0x0000700000bb7b70:   0000005629280300 7f00000100000000
0x0000700000bb7b80:   000000d84963d9ed 0000006e69616d04
0x0000700000bb7b90:   6176616a4c5b2816 74532f676e616c2f
0x0000700000bb7ba0:   0056293b676e6972 0009000000000000
0x0000700000bb7bb0:   00e04963d9ed7f00 00006e7572030000
0x0000700000bb7bc0:   6176616a4c285800 74532f676e616c2f 

Instructions: (pc=0x000000010c632d1e)
0x000000010c632cfe:   31 c0 5d c3 55 48 89 e5 53 48 83 ec 08 48 85 ff
0x000000010c632d0e:   74 24 48 8b 1f 48 85 db 74 1c 48 83 fb 37 74 16
0x000000010c632d1e:   48 8b 03 48 89 df ff 50 10 84 c0 b8 00 00 00 00
0x000000010c632d2e:   48 0f 45 c3 eb 02 31 c0 48 83 c4 08 5b 5d c3 90 

Register to memory mapping:

RAX=0x0000000000000001 is an unknown value
RBX=0xc000000000000000 is an unknown value
RCX=0x000000010c9fa190: UseMembar+0 in /Library/Java/JavaVirtualMachines/jdk1.8.0_45.jdk/Contents/Home/jre/lib/server/libjvm.dylib at 0x000000010c200000
RDX=0x0000700000bb7a8b is pointing into the stack for thread: 0x00007feddb02a000
RSP=0x0000700000bb79d0 is pointing into the stack for thread: 0x00007feddb02a000
RBP=0x0000700000bb79e0 is pointing into the stack for thread: 0x00007feddb02a000
RSI=0x00007feddb02a000 is a thread
RDI=0x00007feddc8053a0 is an unknown value
R8 =0x0000000000000003 is an unknown value
R9 =0x00007fedd965b520 is an unknown value
R10=0x0000000001c487ad is an unknown value
R11=0x00007feddc800000 is an unknown value
R12=0x00007feddb02a000 is a thread
R13=0x00007feddc8053a0 is an unknown value
R14=0x00007feddc8053a0 is an unknown value
R15=0x00007fedd97018b0 is an unknown value


Stack: [0x0000700000ab8000,0x0000700000bb8000],  sp=0x0000700000bb79d0,  free space=1022k
Native frames: (J=compiled Java code, j=interpreted, Vv=VM code, C=native code)
V  [libjvm.dylib+0x432d1e]  Method::checked_resolve_jmethod_id(_jmethodID*)+0x1c
V  [libjvm.dylib+0x3430d6]  jvmti_IsMethodSynthetic+0xb2
C  [libjdwp.dylib+0x20780]  isMethodSynthetic+0x63
C  [libjdwp.dylib+0x51f3]  methods1+0x10b
C  [libjdwp.dylib+0x52ec]  methodsWithGeneric+0xe
C  [libjdwp.dylib+0xe898]  debugLoop_run+0x1ce
C  [libjdwp.dylib+0x1f6ba]  attachThread+0x4d
V  [libjvm.dylib+0x38401c]  JvmtiAgentThread::call_start_function()+0x38
V  [libjvm.dylib+0x549acf]  JavaThread::thread_main_inner()+0x9b
V  [libjvm.dylib+0x54b1c0]  JavaThread::run()+0x1c2
V  [libjvm.dylib+0x46ea7e]  java_start(Thread*)+0xf6
C  [libsystem_pthread.dylib+0x399d]  _pthread_body+0x83
C  [libsystem_pthread.dylib+0x391a]  _pthread_body+0x0
C  [libsystem_pthread.dylib+0x1351]  thread_start+0xd
C  0x0000000000000000


---------------  P R O C E S S  ---------------

Java Threads: ( => current thread )
  0x00007feddb320800 JavaThread "AWT-AppKit" daemon [_thread_in_native, id=2571, stack(0x00007fff53d67000,0x00007fff54567000)]
  0x00007feddb0f2800 JavaThread "pool-2-thread-1" daemon [_thread_blocked, id=21507, stack(0x00007000013d3000,0x00007000014d3000)]
  0x00007fedda9b4800 JavaThread "cluster-ClusterId{value='58ecca7ddcb0147f748cd6b1', description='null'}-127.0.0.1:27017" daemon [_thread_blocked, id=20995, stack(0x00007000012d0000,0x00007000013d0000)]
  0x00007fedd983b000 JavaThread "Service Thread" daemon [_thread_blocked, id=19971, stack(0x00007000010ca000,0x00007000011ca000)]
  0x00007fedda831800 JavaThread "C1 CompilerThread2" daemon [_thread_blocked, id=19459, stack(0x0000700000fc7000,0x00007000010c7000)]
  0x00007fedda037000 JavaThread "C2 CompilerThread1" daemon [_thread_blocked, id=18947, stack(0x0000700000ec4000,0x0000700000fc4000)]
  0x00007feddb02e000 JavaThread "C2 CompilerThread0" daemon [_thread_blocked, id=18435, stack(0x0000700000dc1000,0x0000700000ec1000)]
  0x00007fedd9833000 JavaThread "JDWP Command Reader" daemon [_thread_in_native, id=17923, stack(0x0000700000cbe000,0x0000700000dbe000)]
  0x00007feddb027000 JavaThread "JDWP Event Helper Thread" daemon [_thread_blocked, id=17411, stack(0x0000700000bbb000,0x0000700000cbb000)]
=>0x00007feddb02a000 JavaThread "JDWP Transport Listener: dt_socket" daemon [_thread_in_vm, id=16899, stack(0x0000700000ab8000,0x0000700000bb8000)]
  0x00007fedda005000 JavaThread "Signal Dispatcher" daemon [_thread_blocked, id=12815, stack(0x00007000009b5000,0x0000700000ab5000)]
  0x00007fedd9804000 JavaThread "Finalizer" daemon [_thread_blocked, id=12291, stack(0x000070000082f000,0x000070000092f000)]
  0x00007fedda004000 JavaThread "Reference Handler" daemon [_thread_blocked, id=11779, stack(0x000070000072c000,0x000070000082c000)]
  0x00007fedda803800 JavaThread "main" [_thread_blocked, id=5891, stack(0x000070000011a000,0x000070000021a000)]

Other Threads:
  0x00007fedda825800 VMThread [stack: 0x0000700000629000,0x0000700000729000] [id=11267]
  0x00007fedda006000 WatcherThread [stack: 0x00007000011cd000,0x00007000012cd000] [id=20483]

VM state:not at safepoint (normal execution)

VM Mutex/Monitor currently owned by a thread: None

Heap:
 PSYoungGen      total 161280K, used 157021K [0x00000007aab00000, 0x00000007bbf80000, 0x00000007c0000000)
  eden space 157696K, 97% used [0x00000007aab00000,0x00000007b40fa870,0x00000007b4500000)
  from space 3584K, 96% used [0x00000007bbc00000,0x00000007bbf5cd98,0x00000007bbf80000)
  to   space 9216K, 0% used [0x00000007bad80000,0x00000007bad80000,0x00000007bb680000)
 ParOldGen       total 44032K, used 28120K [0x0000000780000000, 0x0000000782b00000, 0x00000007aab00000)
  object space 44032K, 63% used [0x0000000780000000,0x0000000781b76068,0x0000000782b00000)
 Metaspace       used 17363K, capacity 17680K, committed 17920K, reserved 1064960K
  class space    used 1929K, capacity 2015K, committed 2048K, reserved 1048576K

Card table byte_map: [0x000000011c529000,0x000000011c72a000] byte_map_base: 0x0000000118929000

Marking Bits: (ParMarkBitMap*) 0x000000010cac27a0
 Begin Bits: [0x000000011c880000, 0x000000011d880000)
 End Bits:   [0x000000011d880000, 0x000000011e880000)

Polling page: 0x000000010b95c000

CodeCache: size=245760Kb used=13350Kb max_used=13555Kb free=232409Kb
 bounds [0x000000010d169000, 0x000000010dec9000, 0x000000011c169000]
 total_blobs=3634 nmethods=3172 adapters=383
 compilation: enabled

Compilation events (10 events):
Event: 181.500 Thread 0x00007fedda831800 3796       3       com.mongodb.internal.connection.ConcurrentLinkedDeque$Node::getNext (8 bytes)
Event: 181.500 Thread 0x00007fedda831800 nmethod 3796 0x000000010d83ee50 code [0x000000010d83efc0, 0x000000010d83f290]
Event: 181.500 Thread 0x00007fedda831800 3798       3       org.bson.BsonDocument::containsKey (11 bytes)
Event: 181.501 Thread 0x00007fedda831800 nmethod 3798 0x000000010d7e2150 code [0x000000010d7e22c0, 0x000000010d7e24e8]
Event: 181.501 Thread 0x00007fedda831800 3797       3       org.bson.BsonNumber::<init> (5 bytes)
Event: 181.501 Thread 0x00007fedda831800 nmethod 3797 0x000000010d7e1cd0 code [0x000000010d7e1e40, 0x000000010d7e2050]
Event: 191.504 Thread 0x00007fedda831800 3799       3       com.mongodb.internal.connection.ConcurrentLinkedDeque$Node::casNext (7 bytes)
Event: 191.506 Thread 0x00007fedda831800 nmethod 3799 0x000000010d7e1810 code [0x000000010d7e1980, 0x000000010d7e1bf0]
Event: 191.506 Thread 0x00007fedda831800 3800       3       java.util.concurrent.atomic.AtomicReference::compareAndSet (13 bytes)
Event: 191.506 Thread 0x00007fedda831800 nmethod 3800 0x000000010d7e1450 code [0x000000010d7e15a0, 0x000000010d7e1730]

GC Heap History (10 events):
Event: 49.537 GC heap before
{Heap before GC invocations=16 (full 0):
 PSYoungGen      total 210432K, used 198352K [0x00000007aab00000, 0x00000007bda80000, 0x00000007c0000000)
  eden space 198144K, 100% used [0x00000007aab00000,0x00000007b6c80000,0x00000007b6c80000)
  from space 12288K, 1% used [0x00000007bc280000,0x00000007bc2b4010,0x00000007bce80000)
  to   space 11776K, 0% used [0x00000007bcf00000,0x00000007bcf00000,0x00000007bda80000)
 ParOldGen       total 44032K, used 26936K [0x0000000780000000, 0x0000000782b00000, 0x00000007aab00000)
  object space 44032K, 61% used [0x0000000780000000,0x0000000781a4e0b8,0x0000000782b00000)
 Metaspace       used 16947K, capacity 17258K, committed 17408K, reserved 1064960K
  class space    used 1910K, capacity 1982K, committed 2048K, reserved 1048576K
Event: 49.539 GC heap after
Heap after GC invocations=16 (full 0):
 PSYoungGen      total 189952K, used 320K [0x00000007aab00000, 0x00000007bcf80000, 0x00000007c0000000)
  eden space 189440K, 0% used [0x00000007aab00000,0x00000007aab00000,0x00000007b6400000)
  from space 512K, 62% used [0x00000007bcf00000,0x00000007bcf50000,0x00000007bcf80000)
  to   space 11264K, 0% used [0x00000007bb980000,0x00000007bb980000,0x00000007bc480000)
 ParOldGen       total 44032K, used 26975K [0x0000000780000000, 0x0000000782b00000, 0x00000007aab00000)
  object space 44032K, 61% used [0x0000000780000000,0x0000000781a57db8,0x0000000782b00000)
 Metaspace       used 16947K, capacity 17258K, committed 17408K, reserved 1064960K
  class space    used 1910K, capacity 1982K, committed 2048K, reserved 1048576K
}
Event: 50.178 GC heap before
{Heap before GC invocations=17 (full 0):
 PSYoungGen      total 189952K, used 189760K [0x00000007aab00000, 0x00000007bcf80000, 0x00000007c0000000)
  eden space 189440K, 100% used [0x00000007aab00000,0x00000007b6400000,0x00000007b6400000)
  from space 512K, 62% used [0x00000007bcf00000,0x00000007bcf50000,0x00000007bcf80000)
  to   space 11264K, 0% used [0x00000007bb980000,0x00000007bb980000,0x00000007bc480000)
 ParOldGen       total 44032K, used 26975K [0x0000000780000000, 0x0000000782b00000, 0x00000007aab00000)
  object space 44032K, 61% used [0x0000000780000000,0x0000000781a57db8,0x0000000782b00000)
 Metaspace       used 16999K, capacity 17258K, committed 17408K, reserved 1064960K
  class space    used 1912K, capacity 1982K, committed 2048K, reserved 1048576K
Event: 50.180 GC heap after
Heap after GC invocations=17 (full 0):
 PSYoungGen      total 192000K, used 1635K [0x00000007aab00000, 0x00000007bcf80000, 0x00000007c0000000)
  eden space 180736K, 0% used [0x00000007aab00000,0x00000007aab00000,0x00000007b5b80000)
  from space 11264K, 14% used [0x00000007bb980000,0x00000007bbb18d08,0x00000007bc480000)
  to   space 10752K, 0% used [0x00000007bc500000,0x00000007bc500000,0x00000007bcf80000)
 ParOldGen       total 44032K, used 27015K [0x0000000780000000, 0x0000000782b00000, 0x00000007aab00000)
  object space 44032K, 61% used [0x0000000780000000,0x0000000781a61db8,0x0000000782b00000)
 Metaspace       used 16999K, capacity 17258K, committed 17408K, reserved 1064960K
  class space    used 1912K, capacity 1982K, committed 2048K, reserved 1048576K
}
Event: 50.866 GC heap before
{Heap before GC invocations=18 (full 0):
 PSYoungGen      total 192000K, used 182371K [0x00000007aab00000, 0x00000007bcf80000, 0x00000007c0000000)
  eden space 180736K, 100% used [0x00000007aab00000,0x00000007b5b80000,0x00000007b5b80000)
  from space 11264K, 14% used [0x00000007bb980000,0x00000007bbb18d08,0x00000007bc480000)
  to   space 10752K, 0% used [0x00000007bc500000,0x00000007bc500000,0x00000007bcf80000)
 ParOldGen       total 44032K, used 27015K [0x0000000780000000, 0x0000000782b00000, 0x00000007aab00000)
  object space 44032K, 61% used [0x0000000780000000,0x0000000781a61db8,0x0000000782b00000)
 Metaspace       used 17020K, capacity 17322K, committed 17664K, reserved 1064960K
  class space    used 1912K, capacity 1982K, committed 2048K, reserved 1048576K
Event: 50.869 GC heap after
Heap after GC invocations=18 (full 0):
 PSYoungGen      total 174080K, used 1395K [0x00000007aab00000, 0x00000007bc680000, 0x00000007c0000000)
  eden space 172544K, 0% used [0x00000007aab00000,0x00000007aab00000,0x00000007b5380000)
  from space 1536K, 90% used [0x00000007bc500000,0x00000007bc65cd78,0x00000007bc680000)
  to   space 10240K, 0% used [0x00000007bb280000,0x00000007bb280000,0x00000007bbc80000)
 ParOldGen       total 44032K, used 27455K [0x0000000780000000, 0x0000000782b00000, 0x00000007aab00000)
  object space 44032K, 62% used [0x0000000780000000,0x0000000781acfe08,0x0000000782b00000)
 Metaspace       used 17020K, capacity 17322K, committed 17664K, reserved 1064960K
  class space    used 1912K, capacity 1982K, committed 2048K, reserved 1048576K
}
Event: 51.529 GC heap before
{Heap before GC invocations=19 (full 0):
 PSYoungGen      total 174080K, used 173939K [0x00000007aab00000, 0x00000007bc680000, 0x00000007c0000000)
  eden space 172544K, 100% used [0x00000007aab00000,0x00000007b5380000,0x00000007b5380000)
  from space 1536K, 90% used [0x00000007bc500000,0x00000007bc65cd78,0x00000007bc680000)
  to   space 10240K, 0% used [0x00000007bb280000,0x00000007bb280000,0x00000007bbc80000)
 ParOldGen       total 44032K, used 27455K [0x0000000780000000, 0x0000000782b00000, 0x00000007aab00000)
  object space 44032K, 62% used [0x0000000780000000,0x0000000781acfe08,0x0000000782b00000)
 Metaspace       used 17034K, capacity 17322K, committed 17664K, reserved 1064960K
  class space    used 1912K, capacity 1982K, committed 2048K, reserved 1048576K
Event: 51.531 GC heap after
Heap after GC invocations=19 (full 0):
 PSYoungGen      total 165888K, used 512K [0x00000007aab00000, 0x00000007bc580000, 0x00000007c0000000)
  eden space 164864K, 0% used [0x00000007aab00000,0x00000007aab00000,0x00000007b4c00000)
  from space 1024K, 50% used [0x00000007bb280000,0x00000007bb3000d0,0x00000007bb380000)
  to   space 9728K, 0% used [0x00000007bbc00000,0x00000007bbc00000,0x00000007bc580000)
 ParOldGen       total 44032K, used 27823K [0x0000000780000000, 0x0000000782b00000, 0x00000007aab00000)
  object space 44032K, 63% used [0x0000000780000000,0x0000000781b2bf58,0x0000000782b00000)
 Metaspace       used 17034K, capacity 17322K, committed 17664K, reserved 1064960K
  class space    used 1912K, capacity 1982K, committed 2048K, reserved 1048576K
}
Event: 52.004 GC heap before
{Heap before GC invocations=20 (full 0):
 PSYoungGen      total 165888K, used 165376K [0x00000007aab00000, 0x00000007bc580000, 0x00000007c0000000)
  eden space 164864K, 100% used [0x00000007aab00000,0x00000007b4c00000,0x00000007b4c00000)
  from space 1024K, 50% used [0x00000007bb280000,0x00000007bb3000d0,0x00000007bb380000)
  to   space 9728K, 0% used [0x00000007bbc00000,0x00000007bbc00000,0x00000007bc580000)
 ParOldGen       total 44032K, used 27823K [0x0000000780000000, 0x0000000782b00000, 0x00000007aab00000)
  object space 44032K, 63% used [0x0000000780000000,0x0000000781b2bf58,0x0000000782b00000)
 Metaspace       used 17050K, capacity 17322K, committed 17664K, reserved 1064960K
  class space    used 1912K, capacity 1982K, committed 2048K, reserved 1048576K
Event: 52.009 GC heap after
Heap after GC invocations=20 (full 0):
 PSYoungGen      total 161280K, used 3443K [0x00000007aab00000, 0x00000007bbf80000, 0x00000007c0000000)
  eden space 157696K, 0% used [0x00000007aab00000,0x00000007aab00000,0x00000007b4500000)
  from space 3584K, 96% used [0x00000007bbc00000,0x00000007bbf5cd98,0x00000007bbf80000)
  to   space 9216K, 0% used [0x00000007bad80000,0x00000007bad80000,0x00000007bb680000)
 ParOldGen       total 44032K, used 28120K [0x0000000780000000, 0x0000000782b00000, 0x00000007aab00000)
  object space 44032K, 63% used [0x0000000780000000,0x0000000781b76068,0x0000000782b00000)
 Metaspace       used 17050K, capacity 17322K, committed 17664K, reserved 1064960K
  class space    used 1912K, capacity 1982K, committed 2048K, reserved 1048576K
}

Deoptimization events (10 events):
Event: 50.137 Thread 0x00007fedda803800 Uncommon trap: reason=class_check action=maybe_recompile pc=0x000000010da5451c method=org.apache.pdfbox.util.PDFStreamEngine.processEncodedText([B)V @ 152
Event: 50.137 Thread 0x00007fedda803800 Uncommon trap: reason=speculate_class_check action=maybe_recompile pc=0x000000010d6d4c64 method=org.apache.pdfbox.pdmodel.font.PDSimpleFont.getSpaceWidth()F @ 51
Event: 50.236 Thread 0x00007fedda803800 Uncommon trap: reason=unstable_if action=reinterpret pc=0x000000010dc40f68 method=technology.tabula.Ruling.normalize()V @ 22
Event: 50.236 Thread 0x00007fedda803800 Uncommon trap: reason=unstable_if action=reinterpret pc=0x000000010dc33d04 method=technology.tabula.Ruling.normalize()V @ 22
Event: 50.301 Thread 0x00007fedda803800 Uncommon trap: reason=unstable_if action=reinterpret pc=0x000000010d7be324 method=technology.tabula.Ruling.normalize()V @ 22
Event: 52.439 Thread 0x00007fedda803800 Uncommon trap: reason=bimorphic action=maybe_recompile pc=0x000000010db6dc48 method=java.util.stream.Sink$ChainedReference.end()V @ 4
Event: 52.439 Thread 0x00007fedda803800 Uncommon trap: reason=bimorphic action=maybe_recompile pc=0x000000010db6dc48 method=java.util.stream.Sink$ChainedReference.end()V @ 4
Event: 52.439 Thread 0x00007fedda803800 Uncommon trap: reason=bimorphic action=maybe_recompile pc=0x000000010db6dc48 method=java.util.stream.Sink$ChainedReference.end()V @ 4
Event: 52.439 Thread 0x00007fedda803800 Uncommon trap: reason=bimorphic action=maybe_recompile pc=0x000000010db6dc48 method=java.util.stream.Sink$ChainedReference.end()V @ 4
Event: 52.447 Thread 0x00007fedda803800 Uncommon trap: reason=predicate action=maybe_recompile pc=0x000000010d6412a8 method=java.util.ArrayList$ArrayListSpliterator.forEachRemaining(Ljava/util/function/Consumer;)V @ 90

Internal exceptions (10 events):
Event: 49.649 Thread 0x00007fedda803800 Exception <a 'java/lang/ArrayIndexOutOfBoundsException': 1> (0x00000007acc68150) thrown at [/Users/java_re/workspace/8-2-build-macosx-x86_64/jdk8u45/3457/hotspot/src/share/vm/interpreter/interpreterRuntime.cpp, line 366]
Event: 49.669 Thread 0x00007fedda803800 Exception <a 'java/lang/ArrayIndexOutOfBoundsException': 1> (0x00000007ad39bf28) thrown at [/Users/java_re/workspace/8-2-build-macosx-x86_64/jdk8u45/3457/hotspot/src/share/vm/interpreter/interpreterRuntime.cpp, line 366]
Event: 49.688 Thread 0x00007fedda803800 Exception <a 'java/lang/ArrayIndexOutOfBoundsException': 1> (0x00000007adad1488) thrown at [/Users/java_re/workspace/8-2-build-macosx-x86_64/jdk8u45/3457/hotspot/src/share/vm/interpreter/interpreterRuntime.cpp, line 366]
Event: 49.706 Thread 0x00007fedda803800 Exception <a 'java/lang/ArrayIndexOutOfBoundsException': 1> (0x00000007ae20c798) thrown at [/Users/java_re/workspace/8-2-build-macosx-x86_64/jdk8u45/3457/hotspot/src/share/vm/interpreter/interpreterRuntime.cpp, line 366]
Event: 49.724 Thread 0x00007fedda803800 Exception <a 'java/lang/ArrayIndexOutOfBoundsException': 1> (0x00000007ae941670) thrown at [/Users/java_re/workspace/8-2-build-macosx-x86_64/jdk8u45/3457/hotspot/src/share/vm/interpreter/interpreterRuntime.cpp, line 366]
Event: 49.739 Thread 0x00007fedda803800 Exception <a 'java/lang/ArrayIndexOutOfBoundsException': 1> (0x00000007af07fb60) thrown at [/Users/java_re/workspace/8-2-build-macosx-x86_64/jdk8u45/3457/hotspot/src/share/vm/interpreter/interpreterRuntime.cpp, line 366]
Event: 49.758 Thread 0x00007fedda803800 Exception <a 'java/lang/ArrayIndexOutOfBoundsException': 1> (0x00000007af7bec80) thrown at [/Users/java_re/workspace/8-2-build-macosx-x86_64/jdk8u45/3457/hotspot/src/share/vm/interpreter/interpreterRuntime.cpp, line 366]
Event: 49.773 Thread 0x00007fedda803800 Exception <a 'java/lang/ArrayIndexOutOfBoundsException': 1> (0x00000007afeedb18) thrown at [/Users/java_re/workspace/8-2-build-macosx-x86_64/jdk8u45/3457/hotspot/src/share/vm/interpreter/interpreterRuntime.cpp, line 366]
Event: 49.794 Thread 0x00007fedda803800 Exception <a 'java/lang/ArrayIndexOutOfBoundsException': 1> (0x00000007b061d510) thrown at [/Users/java_re/workspace/8-2-build-macosx-x86_64/jdk8u45/3457/hotspot/src/share/vm/interpreter/interpreterRuntime.cpp, line 366]
Event: 49.813 Thread 0x00007fedda803800 Exception <a 'java/lang/ArrayIndexOutOfBoundsException': 1> (0x00000007b0d49b70) thrown at [/Users/java_re/workspace/8-2-build-macosx-x86_64/jdk8u45/3457/hotspot/src/share/vm/interpreter/interpreterRuntime.cpp, line 366]

Events (10 events):
Event: 191.960 Executing VM operation: GetCurrentLocation
Event: 191.960 Executing VM operation: GetCurrentLocation done
Event: 191.960 Executing VM operation: EnterInterpOnlyMode
Event: 191.960 Executing VM operation: EnterInterpOnlyMode done
Event: 191.961 Executing VM operation: ChangeSingleStep
Event: 191.961 Executing VM operation: ChangeSingleStep done
Event: 191.961 Executing VM operation: ChangeSingleStep
Event: 191.961 Executing VM operation: ChangeSingleStep done
Event: 191.974 Executing VM operation: RedefineClasses
Event: 192.045 Executing VM operation: RedefineClasses done


Dynamic libraries:
0x000000000154d000 	/System/Library/Frameworks/Cocoa.framework/Versions/A/Cocoa
0x000000000154d000 	/System/Library/Frameworks/Security.framework/Versions/A/Security
0x000000000154d000 	/System/Library/Frameworks/ApplicationServices.framework/Versions/A/ApplicationServices
0x000000000154d000 	/usr/lib/libz.1.dylib
0x000000000154d000 	/usr/lib/libSystem.B.dylib
0x000000000154d000 	/usr/lib/libobjc.A.dylib
0x000000000154d000 	/System/Library/Frameworks/CoreFoundation.framework/Versions/A/CoreFoundation
0x000000000154d000 	/System/Library/Frameworks/Foundation.framework/Versions/C/Foundation
0x000000000154d000 	/System/Library/Frameworks/AppKit.framework/Versions/C/AppKit
0x000000000154d000 	/System/Library/Frameworks/CoreData.framework/Versions/A/CoreData
0x000000000154d000 	/System/Library/PrivateFrameworks/RemoteViewServices.framework/Versions/A/RemoteViewServices
0x000000000154d000 	/System/Library/PrivateFrameworks/UIFoundation.framework/Versions/A/UIFoundation
0x000000000154d000 	/usr/lib/libScreenReader.dylib
0x000000000154d000 	/System/Library/Frameworks/Accelerate.framework/Versions/A/Accelerate
0x000000000154d000 	/System/Library/Frameworks/IOSurface.framework/Versions/A/IOSurface
0x000000000154d000 	/System/Library/Frameworks/AudioToolbox.framework/Versions/A/AudioToolbox
0x000000000154d000 	/System/Library/Frameworks/AudioUnit.framework/Versions/A/AudioUnit
0x000000000154d000 	/System/Library/PrivateFrameworks/DataDetectorsCore.framework/Versions/A/DataDetectorsCore
0x000000000154d000 	/System/Library/PrivateFrameworks/DesktopServicesPriv.framework/Versions/A/DesktopServicesPriv
0x000000000154d000 	/System/Library/Frameworks/Carbon.framework/Versions/A/Frameworks/HIToolbox.framework/Versions/A/HIToolbox
0x000000000154d000 	/System/Library/Frameworks/QuartzCore.framework/Versions/A/QuartzCore
0x000000000154d000 	/System/Library/Frameworks/Carbon.framework/Versions/A/Frameworks/SpeechRecognition.framework/Versions/A/SpeechRecognition
0x000000000154d000 	/usr/lib/libauto.dylib
0x000000000154d000 	/usr/lib/libicucore.A.dylib
0x000000000154d000 	/usr/lib/libxml2.2.dylib
0x000000000154d000 	/System/Library/PrivateFrameworks/CoreUI.framework/Versions/A/CoreUI
0x000000000154d000 	/System/Library/Frameworks/CoreAudio.framework/Versions/A/CoreAudio
0x000000000154d000 	/System/Library/Frameworks/DiskArbitration.framework/Versions/A/DiskArbitration
0x000000000154d000 	/usr/lib/liblangid.dylib
0x000000000154d000 	/System/Library/PrivateFrameworks/MultitouchSupport.framework/Versions/A/MultitouchSupport
0x000000000154d000 	/System/Library/Frameworks/IOKit.framework/Versions/A/IOKit
0x000000000154d000 	/usr/lib/libDiagnosticMessagesClient.dylib
0x000000000154d000 	/System/Library/Frameworks/CoreServices.framework/Versions/A/CoreServices
0x000000000154d000 	/System/Library/PrivateFrameworks/PerformanceAnalysis.framework/Versions/A/PerformanceAnalysis
0x000000000154d000 	/System/Library/PrivateFrameworks/GenerationalStorage.framework/Versions/A/GenerationalStorage
0x000000000154d000 	/System/Library/Frameworks/OpenGL.framework/Versions/A/OpenGL
0x000000000154d000 	/System/Library/PrivateFrameworks/Sharing.framework/Versions/A/Sharing
0x000000000154d000 	/System/Library/Frameworks/CoreGraphics.framework/Versions/A/CoreGraphics
0x000000000154d000 	/System/Library/Frameworks/CoreImage.framework/Versions/A/CoreImage
0x000000000154d000 	/System/Library/Frameworks/CoreText.framework/Versions/A/CoreText
0x000000000154d000 	/System/Library/Frameworks/ImageIO.framework/Versions/A/ImageIO
0x000000000154d000 	/System/Library/PrivateFrameworks/Backup.framework/Versions/A/Backup
0x000000000154d000 	/usr/lib/libextension.dylib
0x000000000154d000 	/usr/lib/libarchive.2.dylib
0x000000000154d000 	/System/Library/Frameworks/CFNetwork.framework/Versions/A/CFNetwork
0x000000000154d000 	/System/Library/Frameworks/SystemConfiguration.framework/Versions/A/SystemConfiguration
0x000000000154d000 	/usr/lib/libCRFSuite.dylib
0x000000000154d000 	/usr/lib/libc++.1.dylib
0x000000000154d000 	/usr/lib/libc++abi.dylib
0x000000000154d000 	/usr/lib/system/libcache.dylib
0x000000000154d000 	/usr/lib/system/libcommonCrypto.dylib
0x000000000154d000 	/usr/lib/system/libcompiler_rt.dylib
0x000000000154d000 	/usr/lib/system/libcopyfile.dylib
0x000000000154d000 	/usr/lib/system/libcorecrypto.dylib
0x000000000154d000 	/usr/lib/system/libdispatch.dylib
0x000000000154d000 	/usr/lib/system/libdyld.dylib
0x000000000154d000 	/usr/lib/system/libkeymgr.dylib
0x000000000154d000 	/usr/lib/system/liblaunch.dylib
0x000000000154d000 	/usr/lib/system/libmacho.dylib
0x000000000154d000 	/usr/lib/system/libquarantine.dylib
0x000000000154d000 	/usr/lib/system/libremovefile.dylib
0x000000000154d000 	/usr/lib/system/libsystem_asl.dylib
0x000000000154d000 	/usr/lib/system/libsystem_blocks.dylib
0x000000000154d000 	/usr/lib/system/libsystem_c.dylib
0x000000000154d000 	/usr/lib/system/libsystem_configuration.dylib
0x000000000154d000 	/usr/lib/system/libsystem_coreservices.dylib
0x000000000154d000 	/usr/lib/system/libsystem_coretls.dylib
0x000000000154d000 	/usr/lib/system/libsystem_dnssd.dylib
0x000000000154d000 	/usr/lib/system/libsystem_info.dylib
0x000000000154d000 	/usr/lib/system/libsystem_kernel.dylib
0x000000000154d000 	/usr/lib/system/libsystem_m.dylib
0x000000000154d000 	/usr/lib/system/libsystem_malloc.dylib
0x000000000154d000 	/usr/lib/system/libsystem_network.dylib
0x000000000154d000 	/usr/lib/system/libsystem_networkextension.dylib
0x000000000154d000 	/usr/lib/system/libsystem_notify.dylib
0x000000000154d000 	/usr/lib/system/libsystem_platform.dylib
0x000000000154d000 	/usr/lib/system/libsystem_pthread.dylib
0x000000000154d000 	/usr/lib/system/libsystem_sandbox.dylib
0x000000000154d000 	/usr/lib/system/libsystem_secinit.dylib
0x000000000154d000 	/usr/lib/system/libsystem_trace.dylib
0x000000000154d000 	/usr/lib/system/libunc.dylib
0x000000000154d000 	/usr/lib/system/libunwind.dylib
0x000000000154d000 	/usr/lib/system/libxpc.dylib
0x000000000154d000 	/usr/lib/libenergytrace.dylib
0x000000000154d000 	/usr/lib/libbsm.0.dylib
0x000000000154d000 	/usr/lib/system/libkxld.dylib
0x000000000154d000 	/usr/lib/libxar.1.dylib
0x000000000154d000 	/usr/lib/libsqlite3.dylib
0x000000000154d000 	/usr/lib/libpam.2.dylib
0x000000000154d000 	/usr/lib/libOpenScriptingUtil.dylib
0x000000000154d000 	/usr/lib/libbz2.1.0.dylib
0x000000000154d000 	/usr/lib/liblzma.5.dylib
0x000000000154d000 	/System/Library/Frameworks/CoreServices.framework/Versions/A/Frameworks/FSEvents.framework/Versions/A/FSEvents
0x000000000154d000 	/System/Library/Frameworks/CoreServices.framework/Versions/A/Frameworks/CarbonCore.framework/Versions/A/CarbonCore
0x000000000154d000 	/System/Library/Frameworks/CoreServices.framework/Versions/A/Frameworks/Metadata.framework/Versions/A/Metadata
0x000000000154d000 	/System/Library/Frameworks/CoreServices.framework/Versions/A/Frameworks/OSServices.framework/Versions/A/OSServices
0x000000000154d000 	/System/Library/Frameworks/CoreServices.framework/Versions/A/Frameworks/SearchKit.framework/Versions/A/SearchKit
0x000000000154d000 	/System/Library/Frameworks/CoreServices.framework/Versions/A/Frameworks/AE.framework/Versions/A/AE
0x000000000154d000 	/System/Library/Frameworks/CoreServices.framework/Versions/A/Frameworks/LaunchServices.framework/Versions/A/LaunchServices
0x000000000154d000 	/System/Library/Frameworks/CoreServices.framework/Versions/A/Frameworks/DictionaryServices.framework/Versions/A/DictionaryServices
0x000000000154d000 	/System/Library/Frameworks/CoreServices.framework/Versions/A/Frameworks/SharedFileList.framework/Versions/A/SharedFileList
0x000000000154d000 	/System/Library/Frameworks/NetFS.framework/Versions/A/NetFS
0x000000000154d000 	/System/Library/PrivateFrameworks/NetAuth.framework/Versions/A/NetAuth
0x000000000154d000 	/System/Library/PrivateFrameworks/login.framework/Versions/A/Frameworks/loginsupport.framework/Versions/A/loginsupport
0x000000000154d000 	/System/Library/PrivateFrameworks/TCC.framework/Versions/A/TCC
0x000000000154d000 	/usr/lib/libmecabra.dylib
0x000000000154d000 	/System/Library/Frameworks/ApplicationServices.framework/Versions/A/Frameworks/ATS.framework/Versions/A/ATS
0x000000000154d000 	/System/Library/Frameworks/ApplicationServices.framework/Versions/A/Frameworks/ColorSync.framework/Versions/A/ColorSync
0x000000000154d000 	/System/Library/Frameworks/ApplicationServices.framework/Versions/A/Frameworks/HIServices.framework/Versions/A/HIServices
0x000000000154d000 	/System/Library/Frameworks/ApplicationServices.framework/Versions/A/Frameworks/LangAnalysis.framework/Versions/A/LangAnalysis
0x000000000154d000 	/System/Library/Frameworks/ApplicationServices.framework/Versions/A/Frameworks/PrintCore.framework/Versions/A/PrintCore
0x000000000154d000 	/System/Library/Frameworks/ApplicationServices.framework/Versions/A/Frameworks/QD.framework/Versions/A/QD
0x000000000154d000 	/System/Library/Frameworks/ApplicationServices.framework/Versions/A/Frameworks/SpeechSynthesis.framework/Versions/A/SpeechSynthesis
0x000000000154d000 	/System/Library/Frameworks/Metal.framework/Versions/A/Metal
0x000000000154d000 	/System/Library/Frameworks/Accelerate.framework/Versions/A/Frameworks/vImage.framework/Versions/A/vImage
0x000000000154d000 	/System/Library/Frameworks/Accelerate.framework/Versions/A/Frameworks/vecLib.framework/Versions/A/vecLib
0x000000000154d000 	/System/Library/Frameworks/Accelerate.framework/Versions/A/Frameworks/vecLib.framework/Versions/A/libvDSP.dylib
0x000000000154d000 	/System/Library/Frameworks/Accelerate.framework/Versions/A/Frameworks/vecLib.framework/Versions/A/libvMisc.dylib
0x000000000154d000 	/System/Library/Frameworks/Accelerate.framework/Versions/A/Frameworks/vecLib.framework/Versions/A/libLAPACK.dylib
0x000000000154d000 	/System/Library/Frameworks/Accelerate.framework/Versions/A/Frameworks/vecLib.framework/Versions/A/libBLAS.dylib
0x000000000154d000 	/System/Library/Frameworks/Accelerate.framework/Versions/A/Frameworks/vecLib.framework/Versions/A/libLinearAlgebra.dylib
0x000000000154d000 	/System/Library/Frameworks/Accelerate.framework/Versions/A/Frameworks/vecLib.framework/Versions/A/libSparseBLAS.dylib
0x000000000154d000 	/System/Library/PrivateFrameworks/GPUCompiler.framework/libmetal_timestamp.dylib
0x000000000154d000 	/System/Library/Frameworks/OpenGL.framework/Versions/A/Libraries/libCoreFSCache.dylib
0x000000000154d000 	/System/Library/PrivateFrameworks/IOAccelerator.framework/Versions/A/IOAccelerator
0x000000000154d000 	/System/Library/Frameworks/ApplicationServices.framework/Versions/A/Frameworks/ATS.framework/Versions/A/Resources/libFontParser.dylib
0x000000000154d000 	/System/Library/Frameworks/ApplicationServices.framework/Versions/A/Frameworks/ATS.framework/Versions/A/Resources/libFontRegistry.dylib
0x000000000154d000 	/System/Library/PrivateFrameworks/AppleVPA.framework/Versions/A/AppleVPA
0x000000000154d000 	/System/Library/PrivateFrameworks/AppleJPEG.framework/Versions/A/AppleJPEG
0x000000000154d000 	/System/Library/Frameworks/ImageIO.framework/Versions/A/Resources/libJPEG.dylib
0x000000000154d000 	/System/Library/Frameworks/ImageIO.framework/Versions/A/Resources/libTIFF.dylib
0x000000000154d000 	/System/Library/Frameworks/ImageIO.framework/Versions/A/Resources/libPng.dylib
0x000000000154d000 	/System/Library/Frameworks/ImageIO.framework/Versions/A/Resources/libGIF.dylib
0x000000000154d000 	/System/Library/Frameworks/ImageIO.framework/Versions/A/Resources/libJP2.dylib
0x000000000154d000 	/System/Library/Frameworks/ImageIO.framework/Versions/A/Resources/libRadiance.dylib
0x000000000154d000 	/System/Library/Frameworks/CoreVideo.framework/Versions/A/CoreVideo
0x000000000154d000 	/System/Library/Frameworks/OpenGL.framework/Versions/A/Libraries/libGLU.dylib
0x000000000154d000 	/System/Library/Frameworks/OpenGL.framework/Versions/A/Libraries/libGFXShared.dylib
0x000000000154d000 	/System/Library/Frameworks/OpenGL.framework/Versions/A/Libraries/libGL.dylib
0x000000000154d000 	/System/Library/Frameworks/OpenGL.framework/Versions/A/Libraries/libGLImage.dylib
0x000000000154d000 	/System/Library/Frameworks/OpenGL.framework/Versions/A/Libraries/libCVMSPluginSupport.dylib
0x000000000154d000 	/System/Library/Frameworks/OpenGL.framework/Versions/A/Libraries/libCoreVMClient.dylib
0x000000000154d000 	/usr/lib/libcompression.dylib
0x000000000154d000 	/usr/lib/libcups.2.dylib
0x000000000154d000 	/System/Library/Frameworks/Kerberos.framework/Versions/A/Kerberos
0x000000000154d000 	/System/Library/Frameworks/GSS.framework/Versions/A/GSS
0x000000000154d000 	/usr/lib/libresolv.9.dylib
0x000000000154d000 	/usr/lib/libiconv.2.dylib
0x000000000154d000 	/System/Library/PrivateFrameworks/Heimdal.framework/Versions/A/Heimdal
0x000000000154d000 	/usr/lib/libheimdal-asn1.dylib
0x000000000154d000 	/System/Library/Frameworks/OpenDirectory.framework/Versions/A/OpenDirectory
0x000000000154d000 	/System/Library/PrivateFrameworks/CommonAuth.framework/Versions/A/CommonAuth
0x000000000154d000 	/System/Library/Frameworks/OpenDirectory.framework/Versions/A/Frameworks/CFOpenDirectory.framework/Versions/A/CFOpenDirectory
0x000000000154d000 	/System/Library/Frameworks/SecurityFoundation.framework/Versions/A/SecurityFoundation
0x000000000154d000 	/System/Library/PrivateFrameworks/LanguageModeling.framework/Versions/A/LanguageModeling
0x000000000154d000 	/usr/lib/libmarisa.dylib
0x000000000154d000 	/usr/lib/libChineseTokenizer.dylib
0x000000000154d000 	/usr/lib/libcmph.dylib
0x000000000154d000 	/System/Library/Frameworks/ServiceManagement.framework/Versions/A/ServiceManagement
0x000000000154d000 	/usr/lib/libxslt.1.dylib
0x000000000154d000 	/System/Library/Frameworks/Carbon.framework/Versions/A/Frameworks/Ink.framework/Versions/A/Ink
0x000000000154d000 	/usr/lib/libFosl_dynamic.dylib
0x000000000154d000 	/System/Library/PrivateFrameworks/FaceCore.framework/Versions/A/FaceCore
0x000000000154d000 	/System/Library/Frameworks/OpenCL.framework/Versions/A/OpenCL
0x000000000154d000 	/System/Library/PrivateFrameworks/CrashReporterSupport.framework/Versions/A/CrashReporterSupport
0x000000000154d000 	/System/Library/PrivateFrameworks/IconServices.framework/Versions/A/IconServices
0x000000000154d000 	/System/Library/PrivateFrameworks/Apple80211.framework/Versions/A/Apple80211
0x000000000154d000 	/System/Library/Frameworks/CoreWLAN.framework/Versions/A/CoreWLAN
0x000000000154d000 	/System/Library/Frameworks/IOBluetooth.framework/Versions/A/IOBluetooth
0x000000000154d000 	/System/Library/PrivateFrameworks/CoreWiFi.framework/Versions/A/CoreWiFi
0x000000000154d000 	/System/Library/Frameworks/CoreBluetooth.framework/Versions/A/CoreBluetooth
0x000000000154d000 	/System/Library/PrivateFrameworks/ChunkingLibrary.framework/Versions/A/ChunkingLibrary
0x000000000154d000 	/System/Library/PrivateFrameworks/DebugSymbols.framework/Versions/A/DebugSymbols
0x000000000154d000 	/System/Library/PrivateFrameworks/CoreSymbolication.framework/Versions/A/CoreSymbolication
0x000000000154d000 	/System/Library/PrivateFrameworks/Symbolication.framework/Versions/A/Symbolication
0x000000000154d000 	/System/Library/PrivateFrameworks/SpeechRecognitionCore.framework/Versions/A/SpeechRecognitionCore
0x000000010c200000 	/Library/Java/JavaVirtualMachines/jdk1.8.0_45.jdk/Contents/Home/jre/lib/server/libjvm.dylib
0x000000000154d000 	/usr/lib/libstdc++.6.dylib
0x000000010b919000 	/Library/Java/JavaVirtualMachines/jdk1.8.0_45.jdk/Contents/Home/jre/lib/libverify.dylib
0x000000010b927000 	/Library/Java/JavaVirtualMachines/jdk1.8.0_45.jdk/Contents/Home/jre/lib/libjava.dylib
0x000000010b95d000 	/Library/Java/JavaVirtualMachines/jdk1.8.0_45.jdk/Contents/Home/jre/lib/libjdwp.dylib
0x000000010b9a8000 	/Library/Java/JavaVirtualMachines/jdk1.8.0_45.jdk/Contents/Home/jre/lib/libnpt.dylib
0x000000010b9b5000 	/Library/Java/JavaVirtualMachines/jdk1.8.0_45.jdk/Contents/Home/jre/lib/libzip.dylib
0x0000000120526000 	/System/Library/Frameworks/JavaVM.framework/Frameworks/JavaRuntimeSupport.framework/JavaRuntimeSupport
0x0000000120541000 	/System/Library/Frameworks/JavaVM.framework/Versions/A/Frameworks/JavaNativeFoundation.framework/Versions/A/JavaNativeFoundation
0x0000000120556000 	/System/Library/Frameworks/JavaVM.framework/Versions/A/JavaVM
0x000000000154d000 	/System/Library/Frameworks/Carbon.framework/Versions/A/Carbon
0x0000000120563000 	/System/Library/PrivateFrameworks/JavaLaunching.framework/Versions/A/JavaLaunching
0x000000000154d000 	/System/Library/Frameworks/Carbon.framework/Versions/A/Frameworks/CommonPanels.framework/Versions/A/CommonPanels
0x000000000154d000 	/System/Library/Frameworks/Carbon.framework/Versions/A/Frameworks/Help.framework/Versions/A/Help
0x000000000154d000 	/System/Library/Frameworks/Carbon.framework/Versions/A/Frameworks/ImageCapture.framework/Versions/A/ImageCapture
0x000000000154d000 	/System/Library/Frameworks/Carbon.framework/Versions/A/Frameworks/OpenScripting.framework/Versions/A/OpenScripting
0x000000000154d000 	/System/Library/Frameworks/Carbon.framework/Versions/A/Frameworks/Print.framework/Versions/A/Print
0x000000000154d000 	/System/Library/Frameworks/Carbon.framework/Versions/A/Frameworks/SecurityHI.framework/Versions/A/SecurityHI
0x0000000121e82000 	/Library/Java/JavaVirtualMachines/jdk1.8.0_45.jdk/Contents/Home/jre/lib/libdt_socket.dylib
0x0000000121ebd000 	/Library/Java/JavaVirtualMachines/jdk1.8.0_45.jdk/Contents/Home/jre/lib/libsunec.dylib
0x000000012207d000 	/Library/Java/JavaVirtualMachines/jdk1.8.0_45.jdk/Contents/Home/jre/lib/libnet.dylib
0x00000001220dc000 	/Library/Java/JavaVirtualMachines/jdk1.8.0_45.jdk/Contents/Home/jre/lib/libmanagement.dylib
0x00000001223d5000 	/Library/Java/JavaVirtualMachines/jdk1.8.0_45.jdk/Contents/Home/jre/lib/libnio.dylib
0x0000000122d58000 	/Library/Java/JavaVirtualMachines/jdk1.8.0_45.jdk/Contents/Home/jre/lib/libawt.dylib
0x0000000122e00000 	/Library/Java/JavaVirtualMachines/jdk1.8.0_45.jdk/Contents/Home/jre/lib/./libmlib_image.dylib
0x0000000122ecc000 	/Library/Java/JavaVirtualMachines/jdk1.8.0_45.jdk/Contents/Home/jre/lib/libawt_lwawt.dylib
0x0000000121f52000 	/Library/Java/JavaVirtualMachines/jdk1.8.0_45.jdk/Contents/Home/jre/lib/./libosxapp.dylib
0x000000000154d000 	/System/Library/Frameworks/ExceptionHandling.framework/Versions/A/ExceptionHandling
0x000000000154d000 	/System/Library/PrivateFrameworks/CoreServicesInternal.framework/Versions/A/CoreServicesInternal
0x000000000154d000 	/System/Library/Frameworks/CoreGraphics.framework/Versions/A/Resources/libRIP.A.dylib
0x000000000154d000 	/System/Library/Frameworks/Accelerate.framework/Versions/A/Frameworks/vImage.framework/Versions/A/Libraries/libCGInterfaces.dylib
0x000000000154d000 	/System/Library/Frameworks/CoreGraphics.framework/Versions/A/Resources/libCGXType.A.dylib
0x000000000154d000 	/System/Library/Frameworks/OpenCL.framework/Versions/A/Libraries/libcldcpuengine.dylib
0x000000000154d000 	/System/Library/PrivateFrameworks/DiskImages.framework/Versions/A/DiskImages
0x000000000154d000 	/System/Library/Frameworks/DiscRecording.framework/Versions/A/DiscRecording
0x000000000154d000 	/usr/lib/libcsfde.dylib
0x000000000154d000 	/usr/lib/libcurl.4.dylib
0x000000000154d000 	/System/Library/PrivateFrameworks/MediaKit.framework/Versions/A/MediaKit
0x000000000154d000 	/System/Library/PrivateFrameworks/ProtectedCloudStorage.framework/Versions/A/ProtectedCloudStorage
0x000000000154d000 	/usr/lib/libCoreStorage.dylib
0x000000000154d000 	/System/Library/PrivateFrameworks/EFILogin.framework/Versions/A/EFILogin
0x000000000154d000 	/usr/lib/libutil.dylib
0x000000000154d000 	/System/Library/PrivateFrameworks/FindMyDevice.framework/Versions/A/FindMyDevice
0x000000000154d000 	/System/Library/Frameworks/LDAP.framework/Versions/A/LDAP
0x000000000154d000 	/usr/lib/libsasl2.2.dylib
0x000000000154d000 	/System/Library/PrivateFrameworks/CoreDaemon.framework/Versions/B/CoreDaemon
0x000000000154d000 	/usr/lib/libcrypto.0.9.8.dylib
0x000000000154d000 	/System/Library/PrivateFrameworks/AppleSRP.framework/Versions/A/AppleSRP
0x000000000154d000 	/System/Library/PrivateFrameworks/TrustEvaluationAgent.framework/Versions/A/TrustEvaluationAgent
0x0000000123169000 	cl_kernels
0x000000000154d000 	/System/Library/Frameworks/OpenCL.framework/Versions/A/Libraries/ImageFormats/unorm8_bgra.dylib
0x000000000154d000 	/System/Library/Frameworks/OpenCL.framework/Versions/A/Libraries/ImageFormats/unorm8_rgba.dylib
0x000000000154d000 	/System/Library/PrivateFrameworks/FamilyControls.framework/Versions/A/FamilyControls
0x000000000154d000 	/System/Library/PrivateFrameworks/CommerceKit.framework/Versions/A/Frameworks/CommerceCore.framework/Versions/A/CommerceCore
0x000000000154d000 	/System/Library/PrivateFrameworks/SystemAdministration.framework/Versions/A/SystemAdministration
0x000000000154d000 	/System/Library/PrivateFrameworks/AppContainer.framework/Versions/A/AppContainer
0x000000000154d000 	/System/Library/PrivateFrameworks/SecCodeWrapper.framework/Versions/A/SecCodeWrapper
0x000000000154d000 	/System/Library/Frameworks/DirectoryService.framework/Versions/A/DirectoryService
0x000000000154d000 	/System/Library/PrivateFrameworks/LoginUIKit.framework/Versions/A/Frameworks/LoginUICore.framework/Versions/A/LoginUICore
0x000000000154d000 	/usr/lib/libodfde.dylib

VM Arguments:
jvm_args: -agentlib:jdwp=transport=dt_socket,suspend=y,address=localhost:58946 -Dfile.encoding=UTF-8 
java_command: com.app.PDFExtractorApp
java_class_path (initial): /Users/shivmitra/Documents/workspace/ElectoralDataExtractor/bin:/Users/shivmitra/Documents/workspace/ElectoralDataExtractor/lib/tabula-0.9.2.jar:/Users/shivmitra/Documents/workspace/ElectoralDataExtractor/lib/mongo-java-driver-3.4.2.jar:/Users/shivmitra/Documents/workspace/ElectoralDataExtractor/lib/morphia-1.3.2.jar:/Users/shivmitra/Documents/workspace/ElectoralDataExtractor/lib/commons-lang-2.6.jar:/Users/shivmitra/Documents/workspace/ElectoralDataExtractor/lib/lombok.jar:/Users/shivmitra/Documents/workspace/ElectoralDataExtractor/lib/tabula-0.9.2-jar-with-dependencies.jar:/Users/shivmitra/Documents/workspace/ElectoralDataExtractor/lib/commons-io-2.5.jar
Launcher Type: SUN_STANDARD

Environment Variables:
PATH=/usr/bin:/bin:/usr/sbin:/sbin
SHELL=/bin/bash

Signal Handlers:
SIGSEGV: [libjvm.dylib+0x58ef95], sa_mask[0]=11111111011111110111111111111111, sa_flags=SA_ONSTACK|SA_RESTART|SA_SIGINFO
SIGBUS: [libjvm.dylib+0x58ef95], sa_mask[0]=11111111011111110111111111111111, sa_flags=SA_RESTART|SA_SIGINFO
SIGFPE: [libjvm.dylib+0x46c108], sa_mask[0]=11111111011111110111111111111111, sa_flags=SA_RESTART|SA_SIGINFO
SIGPIPE: [libjvm.dylib+0x46c108], sa_mask[0]=11111111011111110111111111111111, sa_flags=SA_RESTART|SA_SIGINFO
SIGXFSZ: [libjvm.dylib+0x46c108], sa_mask[0]=11111111011111110111111111111111, sa_flags=SA_RESTART|SA_SIGINFO
SIGILL: [libjvm.dylib+0x46c108], sa_mask[0]=11111111011111110111111111111111, sa_flags=SA_RESTART|SA_SIGINFO
SIGUSR1: SIG_DFL, sa_mask[0]=00000000000000000000000000000000, sa_flags=none
SIGUSR2: [libjvm.dylib+0x46bc26], sa_mask[0]=00100000000000000000000000000000, sa_flags=SA_RESTART|SA_SIGINFO
SIGHUP: [libjvm.dylib+0x46a1f9], sa_mask[0]=11111111011111110111111111111111, sa_flags=SA_RESTART|SA_SIGINFO
SIGINT: [libjvm.dylib+0x46a1f9], sa_mask[0]=11111111011111110111111111111111, sa_flags=SA_RESTART|SA_SIGINFO
SIGTERM: [libjvm.dylib+0x46a1f9], sa_mask[0]=11111111011111110111111111111111, sa_flags=SA_RESTART|SA_SIGINFO
SIGQUIT: [libjvm.dylib+0x46a1f9], sa_mask[0]=11111111011111110111111111111111, sa_flags=SA_RESTART|SA_SIGINFO


---------------  S Y S T E M  ---------------

OS:Bsduname:Darwin 15.6.0 Darwin Kernel Version 15.6.0: Thu Jun 23 18:25:34 PDT 2016; root:xnu-3248.60.10~1/RELEASE_X86_64 x86_64
rlimit: STACK 8192k, CORE 0k, NPROC 709, NOFILE 10240, AS infinity
load average:2.32 2.69 2.72

CPU:total 4 (2 cores per cpu, 2 threads per core) family 6 model 69 stepping 1, cmov, cx8, fxsr, mmx, sse, sse2, sse3, ssse3, sse4.1, sse4.2, popcnt, avx, avx2, aes, clmul, erms, lzcnt, ht, tsc, tscinvbit, bmi1, bmi2

Memory: 4k page, physical 4194304k(19728k free)

/proc/meminfo:


vm_info: Java HotSpot(TM) 64-Bit Server VM (25.45-b02) for bsd-amd64 JRE (1.8.0_45-b14), built on Apr 10 2015 10:46:38 by "java_re" with gcc 4.2.1 (Based on Apple Inc. build 5658) (LLVM build 2336.11.00)

time: Tue Apr 11 17:55:33 2017
elapsed time: 192 seconds (0d 0h 3m 12s)

